<?xml version="1.0" encoding="UTF-8"?>
<!-- Generated by org.testng.reporters.JUnitReportReporter -->
<testsuite skipped="2" hostname="sphkrd05" name="TestScript.ShopListTestCase" tests="4" failures="0" timestamp="2020-06-30T11:17:03 CST" time="0.045" errors="0">
  <testcase name="TestCase_003_UserGroup" time="0.044" classname="TestScript.ShopListTestCase"/>
  <system-out/>
  <testcase name="TestCase_004_UserGroup" time="0.001" classname="TestScript.ShopListTestCase"/>
  <system-out/>
  <testcase name="TestCase_002_Create_Shop_list" classname="TestScript.ShopListTestCase">
    <skipped/>
  </testcase> <!-- TestCase_002_Create_Shop_list -->
  <system-out/>
  <testcase name="setuptestdata" classname="TestScript.ShopListTestCase">
    <skipped/>
  </testcase> <!-- setuptestdata -->
  <system-out/>
</testsuite> <!-- TestScript.ShopListTestCase -->
