<?xml version="1.0" encoding="UTF-8"?>
<!-- Generated by org.testng.reporters.JUnitReportReporter -->
<testsuite skipped="0" hostname="sphkrd05" name="TestScript.RegressionTest" tests="16" failures="0" timestamp="2020-07-30T12:44:25 CST" time="425.180" errors="0">
  <testcase name="TestCase_001_Click_Shop_Group_Management" time="16.990" classname="TestScript.RegressionTest"/>
  <system-out/>
  <testcase name="TestCase_002_Shop_Group_Management_DownloadPDF" time="9.654" classname="TestScript.RegressionTest"/>
  <system-out/>
  <testcase name="TestCase_003_Shop_Group_Management_DownloadExcel" time="9.491" classname="TestScript.RegressionTest"/>
  <system-out/>
  <testcase name="TestCase_004_Shop_List_Verify_TradingName01" time="9.747" classname="TestScript.RegressionTest"/>
  <system-out/>
  <testcase name="TestCase_005_Shop_List_Verify_TradingName02" time="9.684" classname="TestScript.RegressionTest"/>
  <system-out/>
  <testcase name="TestCase_006_Create_Shop_list" time="90.186" classname="TestScript.RegressionTest"/>
  <system-out/>
  <testcase name="TestCase_006_Create_Shop_list" time="90.287" classname="TestScript.RegressionTest"/>
  <system-out/>
  <testcase name="TestCase_007_PointSchemeShopList" time="42.707" classname="TestScript.RegressionTest"/>
  <system-out/>
  <testcase name="TestCase_008_PointSchemeUpdateShopList" time="37.864" classname="TestScript.RegressionTest"/>
  <system-out/>
  <testcase name="TestCase_009_shopListAdvSearch" time="31.902" classname="TestScript.RegressionTest"/>
  <system-out/>
  <testcase name="TestCase_010_shop_List_DownloadPDF" time="8.153" classname="TestScript.RegressionTest"/>
  <system-out/>
  <testcase name="TestCase_011_shop_List_DownloadExcel" time="8.525" classname="TestScript.RegressionTest"/>
  <system-out/>
  <testcase name="TestCase_012_CreateTerminal" time="21.715" classname="TestScript.RegressionTest"/>
  <system-out/>
  <testcase name="TestCase_013_TerminalSearch" time="24.556" classname="TestScript.RegressionTest"/>
  <system-out/>
  <testcase name="TestCase_014_TerminalDownloadPDF" time="7.237" classname="TestScript.RegressionTest"/>
  <system-out/>
  <testcase name="TestCase_015_TerminalDownloadExcel" time="6.482" classname="TestScript.RegressionTest"/>
  <system-out/>
</testsuite> <!-- TestScript.RegressionTest -->
