<?xml version="1.0" encoding="UTF-8"?>
<!-- Generated by org.testng.reporters.JUnitReportReporter -->
<testsuite skipped="1" hostname="sphkrd05" name="TestScript.ShopList" tests="9" failures="0" timestamp="2020-09-10T16:19:05 CST" time="284.586" errors="0">
  <testcase name="TestCase_006_Shop_List_Verify_TradingName01" time="22.679" classname="TestScript.ShopList"/>
  <system-out/>
  <testcase name="TestCase_007_Shop_List_Verify_TradingName02" time="19.763" classname="TestScript.ShopList"/>
  <system-out/>
  <testcase name="TestCase_008_Create_Shop_list" time="46.170" classname="TestScript.ShopList"/>
  <system-out/>
  <testcase name="TestCase_008_Create_Shop_list" time="46.138" classname="TestScript.ShopList"/>
  <system-out/>
  <testcase name="TestCase_009_PointSchemeShopList" time="67.503" classname="TestScript.ShopList"/>
  <system-out/>
  <testcase name="TestCase_011_shopListAdvSearch" time="45.052" classname="TestScript.ShopList"/>
  <system-out/>
  <testcase name="TestCase_012_shop_List_DownloadPDF" time="18.644" classname="TestScript.ShopList"/>
  <system-out/>
  <testcase name="TestCase_013_shop_List_DownloadExcel" time="18.637" classname="TestScript.ShopList"/>
  <system-out/>
  <testcase name="TestCase_010_PointSchemeUpdateShopList" classname="TestScript.ShopList">
    <skipped/>
  </testcase> <!-- TestCase_010_PointSchemeUpdateShopList -->
  <system-out/>
</testsuite> <!-- TestScript.ShopList -->
