<?xml version="1.0" encoding="UTF-8"?>
<!-- Generated by org.testng.reporters.JUnitReportReporter -->
<testsuite skipped="0" hostname="sphkrd05" name="TestScript.ShopGroupManagementTest" tests="5" failures="0" timestamp="2020-09-10T16:19:06 CST" time="93.962" errors="0">
  <testcase name="TestCase_001_Click_Shop_Group_Management" time="44.129" classname="TestScript.ShopGroupManagementTest"/>
  <system-out/>
  <testcase name="TestCase_002_Shop_Group_Management_DownloadPDF" time="9.718" classname="TestScript.ShopGroupManagementTest"/>
  <system-out/>
  <testcase name="TestCase_003_Shop_Group_Management_DownloadExcel" time="9.513" classname="TestScript.ShopGroupManagementTest"/>
  <system-out/>
  <testcase name="TestCase_004_Shop_Group_AdvancedSearch" time="15.851" classname="TestScript.ShopGroupManagementTest"/>
  <system-out/>
  <testcase name="TestCase_005_Shop_Group_NameSearch" time="14.751" classname="TestScript.ShopGroupManagementTest"/>
  <system-out/>
</testsuite> <!-- TestScript.ShopGroupManagementTest -->
