<?xml version="1.0" encoding="UTF-8"?>
<!-- Generated by org.testng.reporters.JUnitReportReporter -->
<testsuite skipped="0" hostname="sphkrd05" name="TestScript.TestCases" tests="4" failures="0" timestamp="2020-06-30T11:47:22 CST" time="249.359" errors="0">
  <testcase name="TestCase_001_Click_Shop_menu" time="28.641" classname="TestScript.TestCases"/>
  <system-out/>
  <testcase name="TestCase_002_Create_Shop_list" time="87.209" classname="TestScript.TestCases"/>
  <system-out/>
  <testcase name="TestCase_002_Create_Shop_list" time="87.190" classname="TestScript.TestCases"/>
  <system-out/>
  <testcase name="TestCase_003_Terminal" time="46.319" classname="TestScript.TestCases"/>
  <system-out/>
</testsuite> <!-- TestScript.TestCases -->
