<?xml version="1.0" encoding="UTF-8"?>
<!-- Generated by org.testng.reporters.JUnitReportReporter -->
<testsuite skipped="0" hostname="sphkrd05" name="TestScript.ShopImportExcel" tests="1" failures="0" timestamp="2020-09-10T16:19:05 CST" time="46.074" errors="0">
  <testcase name="TestCase_014_ShopImportExcel" time="46.074" classname="TestScript.ShopImportExcel"/>
  <system-out/>
</testsuite> <!-- TestScript.ShopImportExcel -->
