<?xml version="1.0" encoding="UTF-8"?>
<!-- Generated by org.testng.reporters.JUnitReportReporter -->
<testsuite skipped="15" hostname="sphkrd05" name="TestScript.RegressionTest" tests="16" failures="0" timestamp="2020-07-28T13:53:09 CST" time="14.153" errors="0">
  <testcase name="TestCase_001_Click_Shop_Group_Management" time="14.153" classname="TestScript.RegressionTest"/>
  <system-out/>
  <testcase name="TestCase_008_PointSchemeUpdateShopList" classname="TestScript.RegressionTest">
    <skipped/>
  </testcase> <!-- TestCase_008_PointSchemeUpdateShopList -->
  <system-out/>
  <testcase name="TestCase_029_TerminalnotApollo" classname="TestScript.RegressionTest">
    <skipped/>
  </testcase> <!-- TestCase_029_TerminalnotApollo -->
  <system-out/>
  <testcase name="TestCase_015_TerminalDownloadExcel" classname="TestScript.RegressionTest">
    <skipped/>
  </testcase> <!-- TestCase_015_TerminalDownloadExcel -->
  <system-out/>
  <testcase name="TestCase_006_Create_Shop_list" classname="TestScript.RegressionTest">
    <skipped/>
  </testcase> <!-- TestCase_006_Create_Shop_list -->
  <system-out/>
  <testcase name="TestCase_004_Shop_List_Verify_TradingName01" classname="TestScript.RegressionTest">
    <skipped/>
  </testcase> <!-- TestCase_004_Shop_List_Verify_TradingName01 -->
  <system-out/>
  <testcase name="TestCase_003_Shop_Group_Management_DownloadExcel" classname="TestScript.RegressionTest">
    <skipped/>
  </testcase> <!-- TestCase_003_Shop_Group_Management_DownloadExcel -->
  <system-out/>
  <testcase name="TestCase_012_CreateTerminal" classname="TestScript.RegressionTest">
    <skipped/>
  </testcase> <!-- TestCase_012_CreateTerminal -->
  <system-out/>
  <testcase name="TestCase_010_shop_List_DownloadPDF" classname="TestScript.RegressionTest">
    <skipped/>
  </testcase> <!-- TestCase_010_shop_List_DownloadPDF -->
  <system-out/>
  <testcase name="TestCase_011_shop_List_DownloadExcel" classname="TestScript.RegressionTest">
    <skipped/>
  </testcase> <!-- TestCase_011_shop_List_DownloadExcel -->
  <system-out/>
  <testcase name="TestCase_013_TerminalSearch" classname="TestScript.RegressionTest">
    <skipped/>
  </testcase> <!-- TestCase_013_TerminalSearch -->
  <system-out/>
  <testcase name="TestCase_005_Shop_List_Verify_TradingName02" classname="TestScript.RegressionTest">
    <skipped/>
  </testcase> <!-- TestCase_005_Shop_List_Verify_TradingName02 -->
  <system-out/>
  <testcase name="TestCase_009_shopListAdvSearch" classname="TestScript.RegressionTest">
    <skipped/>
  </testcase> <!-- TestCase_009_shopListAdvSearch -->
  <system-out/>
  <testcase name="TestCase_002_Shop_Group_Management_DownloadPDF" classname="TestScript.RegressionTest">
    <skipped/>
  </testcase> <!-- TestCase_002_Shop_Group_Management_DownloadPDF -->
  <system-out/>
  <testcase name="TestCase_007_PointSchemeShopList" classname="TestScript.RegressionTest">
    <skipped/>
  </testcase> <!-- TestCase_007_PointSchemeShopList -->
  <system-out/>
  <testcase name="TestCase_014_TerminalDownloadPDF" classname="TestScript.RegressionTest">
    <skipped/>
  </testcase> <!-- TestCase_014_TerminalDownloadPDF -->
  <system-out/>
</testsuite> <!-- TestScript.RegressionTest -->
