<?xml version="1.0" encoding="UTF-8"?>
<!-- Generated by org.testng.reporters.JUnitReportReporter -->
<testsuite skipped="0" hostname="sphkrd05" name="TestScript.Transaction" tests="4" failures="0" timestamp="2020-09-10T16:19:05 CST" time="56.913" errors="0">
  <testcase name="TestCase_022_Transactions" time="43.405" classname="TestScript.Transaction"/>
  <system-out/>
  <testcase name="TestCase_023_TransactionsSearch" time="7.187" classname="TestScript.Transaction"/>
  <system-out/>
  <testcase name="TestCase_024_TransactionsDownloadPDF" time="3.238" classname="TestScript.Transaction"/>
  <system-out/>
  <testcase name="TestCase_025_TransactionsDownloadExcel" time="3.083" classname="TestScript.Transaction"/>
  <system-out/>
</testsuite> <!-- TestScript.Transaction -->
