<?xml version="1.0" encoding="UTF-8"?>
<!-- Generated by org.testng.reporters.JUnitReportReporter -->
<testsuite skipped="2" hostname="sphkrd05" name="TestScript.SettingTestCase" tests="3" failures="0" timestamp="2020-07-10T11:25:27 CST" time="34.720" errors="0">
  <testcase name="TestCase_003_Transactions" time="34.720" classname="TestScript.SettingTestCase"/>
  <system-out/>
  <testcase name="TestCase_002_UserListForSetting" classname="TestScript.SettingTestCase">
    <skipped/>
  </testcase> <!-- TestCase_002_UserListForSetting -->
  <system-out/>
  <testcase name="TestCase_001_UserGroupPermission" classname="TestScript.SettingTestCase">
    <skipped/>
  </testcase> <!-- TestCase_001_UserGroupPermission -->
  <system-out/>
</testsuite> <!-- TestScript.SettingTestCase -->
