<?xml version="1.0" encoding="UTF-8"?>
<!-- Generated by org.testng.reporters.JUnitReportReporter -->
<testsuite skipped="4" hostname="sphkrd05" name="TestScript.TestCases" tests="5" failures="0" timestamp="2020-07-13T14:26:58 CST" time="31.397" errors="0">
  <testcase name="TestCase_005_DailyReport" time="31.397" classname="TestScript.TestCases"/>
  <system-out/>
  <testcase name="TestCase_003_Terminal" classname="TestScript.TestCases">
    <skipped/>
  </testcase> <!-- TestCase_003_Terminal -->
  <system-out/>
  <testcase name="TestCase_002_Create_Shop_list" classname="TestScript.TestCases">
    <skipped/>
  </testcase> <!-- TestCase_002_Create_Shop_list -->
  <system-out/>
  <testcase name="TestCase_001_Click_Shop_menu" classname="TestScript.TestCases">
    <skipped/>
  </testcase> <!-- TestCase_001_Click_Shop_menu -->
  <system-out/>
  <testcase name="TestCase_004_MonthlyReport" classname="TestScript.TestCases">
    <skipped/>
  </testcase> <!-- TestCase_004_MonthlyReport -->
  <system-out/>
</testsuite> <!-- TestScript.TestCases -->
