<?xml version="1.0" encoding="UTF-8"?>
<!-- Generated by org.testng.reporters.JUnitReportReporter -->
<testsuite skipped="0" hostname="sphkrd05" name="TestScript.AdminFinanceReportTest" tests="15" failures="0" timestamp="2020-09-10T16:19:05 CST" time="157.449" errors="0">
  <testcase name="TestCase_035_AdminFinanceReportMonthly" time="21.495" classname="TestScript.AdminFinanceReportTest"/>
  <system-out/>
  <testcase name="TestCase_036_AdminFinanceReportMonthlySearch" time="7.443" classname="TestScript.AdminFinanceReportTest"/>
  <system-out/>
  <testcase name="TestCase_037_AdminFinanceReportMonthlyDownloadExcel" time="5.104" classname="TestScript.AdminFinanceReportTest"/>
  <system-out/>
  <testcase name="TestCase_038_AdminFinanceReportMonthlyDownloadPDF" time="13.198" classname="TestScript.AdminFinanceReportTest"/>
  <system-out/>
  <testcase name="TestCase_040_AdminFinanceReportDailyExportData" time="18.251" classname="TestScript.AdminFinanceReportTest"/>
  <system-out/>
  <testcase name="TestCase_039_AdminFinanceReportMonthlyExportData" time="5.129" classname="TestScript.AdminFinanceReportTest"/>
  <system-out/>
  <testcase name="TestCase_041_AdminFinanceReportDailyExportData" time="7.255" classname="TestScript.AdminFinanceReportTest"/>
  <system-out/>
  <testcase name="TestCase_042_AdminFinanceReportDailyExportData" time="15.247" classname="TestScript.AdminFinanceReportTest"/>
  <system-out/>
  <testcase name="TestCase_043_AdminFinanceReportDailyExportData" time="5.625" classname="TestScript.AdminFinanceReportTest"/>
  <system-out/>
  <testcase name="TestCase_044_AdminFinanceReportDailyExportData" time="5.129" classname="TestScript.AdminFinanceReportTest"/>
  <system-out/>
  <testcase name="TestCase_045_MonthlyStatementReport" time="17.838" classname="TestScript.AdminFinanceReportTest"/>
  <system-out/>
  <testcase name="TestCase_046_MonthlyStatementReportSearch" time="12.256" classname="TestScript.AdminFinanceReportTest"/>
  <system-out/>
  <testcase name="TestCase_047_MonthlyStatementReportDownloadPDF" time="13.282" classname="TestScript.AdminFinanceReportTest"/>
  <system-out/>
  <testcase name="TestCase_048_MonthlyStatementReportDownloadExcel" time="5.094" classname="TestScript.AdminFinanceReportTest"/>
  <system-out/>
  <testcase name="TestCase_049_MonthlyStatementReportRawData" time="5.103" classname="TestScript.AdminFinanceReportTest"/>
  <system-out/>
</testsuite> <!-- TestScript.AdminFinanceReportTest -->
