<?xml version="1.0" encoding="UTF-8"?>
<!-- Generated by org.testng.reporters.JUnitReportReporter -->
<testsuite skipped="0" hostname="sphkrd05" name="TestScript.TerminalTest" tests="6" failures="0" timestamp="2020-09-10T16:19:05 CST" time="83.501" errors="0">
  <testcase name="TestCase_016_PortallogonAuditLog" time="17.934" classname="TestScript.TerminalTest"/>
  <system-out/>
  <testcase name="TestCase_017_CreateTerminal" time="25.764" classname="TestScript.TerminalTest"/>
  <system-out/>
  <testcase name="TestCase_018_TerminalAdvancedSearch" time="18.317" classname="TestScript.TerminalTest"/>
  <system-out/>
  <testcase name="TestCase_019_TerminalDownloadPDF" time="7.195" classname="TestScript.TerminalTest"/>
  <system-out/>
  <testcase name="TestCase_020_TerminalDownloadExcel" time="6.504" classname="TestScript.TerminalTest"/>
  <system-out/>
  <testcase name="TestCase_021_TerminalSearch" time="7.787" classname="TestScript.TerminalTest"/>
  <system-out/>
</testsuite> <!-- TestScript.TerminalTest -->
