<?xml version="1.0" encoding="UTF-8"?>
<!-- Generated by org.testng.reporters.JUnitReportReporter -->
<testsuite skipped="17" hostname="sphkrd05" name="TestScript.RegressionTestThree" tests="18" failures="0" timestamp="2020-09-03T12:42:33 CST" time="1.454" errors="1">
  <testcase name="BaseCar" time="1.454" classname="TestScript.RegressionTestThree">
    <error type="org.openqa.selenium.SessionNotCreatedException" message="session not created: This version of ChromeDriver only supports Chrome version 83
Build info: version: &#039;3.141.59&#039;, revision: &#039;e82be7d358&#039;, time: &#039;2018-11-14T08:17:03&#039;
System info: host: &#039;SPHKRD05&#039;, ip: &#039;10.1.1.166&#039;, os.name: &#039;Windows 10&#039;, os.arch: &#039;amd64&#039;, os.version: &#039;10.0&#039;, java.version: &#039;1.8.0_251&#039;
Driver info: driver.version: ChromeDriver
remote stacktrace: Backtrace:
	Ordinal0 [0x00B59563+2725219]
	Ordinal0 [0x00A58551+1672529]
	Ordinal0 [0x00940359+525145]
	Ordinal0 [0x008D0B77+68471]
	Ordinal0 [0x008CD32C+54060]
	Ordinal0 [0x008ECC37+183351]
	Ordinal0 [0x008ECA3D+182845]
	Ordinal0 [0x008EA94B+174411]
	Ordinal0 [0x008D2528+75048]
	Ordinal0 [0x008D35A0+79264]
	Ordinal0 [0x008D3539+79161]
	Ordinal0 [0x00A6D607+1758727]
	GetHandleVerifier [0x00C76546+1050150]
	GetHandleVerifier [0x00C76291+1049457]
	GetHandleVerifier [0x00C810D7+1094071]
	GetHandleVerifier [0x00C76B46+1051686]
	Ordinal0 [0x00A65B06+1727238]
	Ordinal0 [0x00A6EB7B+1764219]
	Ordinal0 [0x00A6ECE3+1764579]
	Ordinal0 [0x00A84C05+1854469]
	BaseThreadInitThunk [0x76856359+25]
	RtlGetAppContainerNamedObjectPath [0x77637C24+228]
	RtlGetAppContainerNamedObjectPath [0x77637BF4+180]
">
      <![CDATA[org.openqa.selenium.SessionNotCreatedException: session not created: This version of ChromeDriver only supports Chrome version 83
Build info: version: '3.141.59', revision: 'e82be7d358', time: '2018-11-14T08:17:03'
System info: host: 'SPHKRD05', ip: '10.1.1.166', os.name: 'Windows 10', os.arch: 'amd64', os.version: '10.0', java.version: '1.8.0_251'
Driver info: driver.version: ChromeDriver
remote stacktrace: Backtrace:
Ordinal0 [0x00B59563+2725219]
Ordinal0 [0x00A58551+1672529]
Ordinal0 [0x00940359+525145]
Ordinal0 [0x008D0B77+68471]
Ordinal0 [0x008CD32C+54060]
Ordinal0 [0x008ECC37+183351]
Ordinal0 [0x008ECA3D+182845]
Ordinal0 [0x008EA94B+174411]
Ordinal0 [0x008D2528+75048]
Ordinal0 [0x008D35A0+79264]
Ordinal0 [0x008D3539+79161]
Ordinal0 [0x00A6D607+1758727]
GetHandleVerifier [0x00C76546+1050150]
GetHandleVerifier [0x00C76291+1049457]
GetHandleVerifier [0x00C810D7+1094071]
GetHandleVerifier [0x00C76B46+1051686]
Ordinal0 [0x00A65B06+1727238]
Ordinal0 [0x00A6EB7B+1764219]
Ordinal0 [0x00A6ECE3+1764579]
Ordinal0 [0x00A84C05+1854469]
BaseThreadInitThunk [0x76856359+25]
RtlGetAppContainerNamedObjectPath [0x77637C24+228]
RtlGetAppContainerNamedObjectPath [0x77637BF4+180]

at sun.reflect.NativeConstructorAccessorImpl.newInstance0(Native Method)
at sun.reflect.NativeConstructorAccessorImpl.newInstance(NativeConstructorAccessorImpl.java:62)
at sun.reflect.DelegatingConstructorAccessorImpl.newInstance(DelegatingConstructorAccessorImpl.java:45)
at java.lang.reflect.Constructor.newInstance(Constructor.java:423)
at org.openqa.selenium.remote.W3CHandshakeResponse.lambda$errorHandler$0(W3CHandshakeResponse.java:62)
at org.openqa.selenium.remote.HandshakeResponse.lambda$getResponseFunction$0(HandshakeResponse.java:30)
at org.openqa.selenium.remote.ProtocolHandshake.lambda$createSession$0(ProtocolHandshake.java:126)
at java.util.stream.ReferencePipeline$3$1.accept(ReferencePipeline.java:193)
at java.util.Spliterators$ArraySpliterator.tryAdvance(Spliterators.java:958)
at java.util.stream.ReferencePipeline.forEachWithCancel(ReferencePipeline.java:126)
at java.util.stream.AbstractPipeline.copyIntoWithCancel(AbstractPipeline.java:499)
at java.util.stream.AbstractPipeline.copyInto(AbstractPipeline.java:486)
at java.util.stream.AbstractPipeline.wrapAndCopyInto(AbstractPipeline.java:472)
at java.util.stream.FindOps$FindOp.evaluateSequential(FindOps.java:152)
at java.util.stream.AbstractPipeline.evaluate(AbstractPipeline.java:234)
at java.util.stream.ReferencePipeline.findFirst(ReferencePipeline.java:464)
at org.openqa.selenium.remote.ProtocolHandshake.createSession(ProtocolHandshake.java:128)
at org.openqa.selenium.remote.ProtocolHandshake.createSession(ProtocolHandshake.java:74)
at org.openqa.selenium.remote.HttpCommandExecutor.execute(HttpCommandExecutor.java:136)
at org.openqa.selenium.remote.service.DriverCommandExecutor.execute(DriverCommandExecutor.java:83)
at org.openqa.selenium.remote.RemoteWebDriver.execute(RemoteWebDriver.java:552)
at org.openqa.selenium.remote.RemoteWebDriver.startSession(RemoteWebDriver.java:213)
at org.openqa.selenium.remote.RemoteWebDriver.<init>(RemoteWebDriver.java:131)
at org.openqa.selenium.chrome.ChromeDriver.<init>(ChromeDriver.java:181)
at org.openqa.selenium.chrome.ChromeDriver.<init>(ChromeDriver.java:168)
at org.openqa.selenium.chrome.ChromeDriver.<init>(ChromeDriver.java:123)
at VIPqabase.TestBase.BaseCar(TestBase.java:35)
at sun.reflect.NativeMethodAccessorImpl.invoke0(Native Method)
at sun.reflect.NativeMethodAccessorImpl.invoke(NativeMethodAccessorImpl.java:62)
at sun.reflect.DelegatingMethodAccessorImpl.invoke(DelegatingMethodAccessorImpl.java:43)
at java.lang.reflect.Method.invoke(Method.java:498)
at org.testng.internal.MethodInvocationHelper.invokeMethod(MethodInvocationHelper.java:132)
at org.testng.internal.MethodInvocationHelper.invokeMethodConsideringTimeout(MethodInvocationHelper.java:61)
at org.testng.internal.ConfigInvoker.invokeConfigurationMethod(ConfigInvoker.java:366)
at org.testng.internal.ConfigInvoker.invokeConfigurations(ConfigInvoker.java:320)
at org.testng.internal.TestMethodWorker.invokeBeforeClassMethods(TestMethodWorker.java:176)
at org.testng.internal.TestMethodWorker.run(TestMethodWorker.java:122)
at java.util.ArrayList.forEach(ArrayList.java:1257)
at org.testng.TestRunner.privateRun(TestRunner.java:764)
at org.testng.TestRunner.run(TestRunner.java:585)
at org.testng.SuiteRunner.runTest(SuiteRunner.java:384)
at org.testng.SuiteRunner.runSequentially(SuiteRunner.java:378)
at org.testng.SuiteRunner.privateRun(SuiteRunner.java:337)
at org.testng.SuiteRunner.run(SuiteRunner.java:286)
at org.testng.SuiteRunnerWorker.runSuite(SuiteRunnerWorker.java:53)
at org.testng.SuiteRunnerWorker.run(SuiteRunnerWorker.java:96)
at org.testng.TestNG.runSuitesSequentially(TestNG.java:1218)
at org.testng.TestNG.runSuitesLocally(TestNG.java:1140)
at org.testng.TestNG.runSuites(TestNG.java:1069)
at org.testng.TestNG.run(TestNG.java:1037)
at org.testng.remote.AbstractRemoteTestNG.run(AbstractRemoteTestNG.java:115)
at org.testng.remote.RemoteTestNG.initAndRun(RemoteTestNG.java:251)
at org.testng.remote.RemoteTestNG.main(RemoteTestNG.java:77)
]]>
    </error>
  </testcase> <!-- BaseCar -->
  <system-out/>
  <testcase name="TestCase_016_UserGroupPermission_Internal" time="0.000" classname="TestScript.RegressionTestThree">
    <skipped/>
  </testcase> <!-- TestCase_016_UserGroupPermission_Internal -->
  <system-out/>
  <testcase name="TestCase_017_UserGroupPermission_Merchant" time="0.000" classname="TestScript.RegressionTestThree">
    <skipped/>
  </testcase> <!-- TestCase_017_UserGroupPermission_Merchant -->
  <system-out/>
  <testcase name="TestCase_018_UserListForSetting_CreateMerchant" time="0.000" classname="TestScript.RegressionTestThree">
    <skipped/>
  </testcase> <!-- TestCase_018_UserListForSetting_CreateMerchant -->
  <system-out/>
  <testcase name="TestCase_019_UserListForSetting_CreateInternal" time="0.000" classname="TestScript.RegressionTestThree">
    <skipped/>
  </testcase> <!-- TestCase_019_UserListForSetting_CreateInternal -->
  <system-out/>
  <testcase name="TestCase_020_Transactions" time="0.000" classname="TestScript.RegressionTestThree">
    <skipped/>
  </testcase> <!-- TestCase_020_Transactions -->
  <system-out/>
  <testcase name="TestCase_021_TransactionsDownloadPDF" time="0.000" classname="TestScript.RegressionTestThree">
    <skipped/>
  </testcase> <!-- TestCase_021_TransactionsDownloadPDF -->
  <system-out/>
  <testcase name="TestCase_022_TransactionsDownloadExcel" time="0.000" classname="TestScript.RegressionTestThree">
    <skipped/>
  </testcase> <!-- TestCase_022_TransactionsDownloadExcel -->
  <system-out/>
  <testcase name="TestCase_023_MonthlyReport" time="0.000" classname="TestScript.RegressionTestThree">
    <skipped/>
  </testcase> <!-- TestCase_023_MonthlyReport -->
  <system-out/>
  <testcase name="TestCase_030_ShopGroupDelete" time="0.000" classname="TestScript.RegressionTestThree">
    <skipped/>
  </testcase> <!-- TestCase_030_ShopGroupDelete -->
  <system-out/>
  <testcase name="TestCase_032_DeleteOthers" time="0.000" classname="TestScript.RegressionTestThree">
    <skipped/>
  </testcase> <!-- TestCase_032_DeleteOthers -->
  <system-out/>
  <testcase name="TestCase_033_DeleteSetting" time="0.000" classname="TestScript.RegressionTestThree">
    <skipped/>
  </testcase> <!-- TestCase_033_DeleteSetting -->
  <system-out/>
  <testcase name="TestCase_031_ShopListDelete" time="0.000" classname="TestScript.RegressionTestThree">
    <skipped/>
  </testcase> <!-- TestCase_031_ShopListDelete -->
  <system-out/>
  <testcase name="TestCase_027_DailyReportPDF" classname="TestScript.RegressionTestThree">
    <skipped/>
  </testcase> <!-- TestCase_027_DailyReportPDF -->
  <system-out/>
  <testcase name="TestCase_028_DailyReportExcel" classname="TestScript.RegressionTestThree">
    <skipped/>
  </testcase> <!-- TestCase_028_DailyReportExcel -->
  <system-out/>
  <testcase name="TestCase_026_DailyReport" classname="TestScript.RegressionTestThree">
    <skipped/>
  </testcase> <!-- TestCase_026_DailyReport -->
  <system-out/>
  <testcase name="TestCase_024_MonthlyReportPDF" classname="TestScript.RegressionTestThree">
    <skipped/>
  </testcase> <!-- TestCase_024_MonthlyReportPDF -->
  <system-out/>
  <testcase name="TestCase_025_MonthlyReportExcel" classname="TestScript.RegressionTestThree">
    <skipped/>
  </testcase> <!-- TestCase_025_MonthlyReportExcel -->
  <system-out/>
</testsuite> <!-- TestScript.RegressionTestThree -->
