<?xml version="1.0" encoding="UTF-8"?>
<!-- Generated by org.testng.reporters.JUnitReportReporter -->
<testsuite skipped="0" hostname="sphkrd05" name="TestScript.RegressionTest" tests="16" failures="0" timestamp="2020-08-04T14:05:55 CST" time="533.336" errors="0">
  <testcase name="TestCase_001_Click_Shop_Group_Management" time="50.738" classname="TestScript.RegressionTest"/>
  <system-out/>
  <testcase name="TestCase_002_Shop_Group_Management_DownloadPDF" time="9.715" classname="TestScript.RegressionTest"/>
  <system-out/>
  <testcase name="TestCase_003_Shop_Group_Management_DownloadExcel" time="9.550" classname="TestScript.RegressionTest"/>
  <system-out/>
  <testcase name="TestCase_004_Shop_List_Verify_TradingName01" time="43.489" classname="TestScript.RegressionTest"/>
  <system-out/>
  <testcase name="TestCase_005_Shop_List_Verify_TradingName02" time="45.317" classname="TestScript.RegressionTest"/>
  <system-out/>
  <testcase name="TestCase_006_Create_Shop_list" time="89.851" classname="TestScript.RegressionTest"/>
  <system-out/>
  <testcase name="TestCase_006_Create_Shop_list" time="89.658" classname="TestScript.RegressionTest"/>
  <system-out/>
  <testcase name="TestCase_007_PointSchemeShopList" time="47.488" classname="TestScript.RegressionTest"/>
  <system-out/>
  <testcase name="TestCase_008_PointSchemeUpdateShopList" time="37.692" classname="TestScript.RegressionTest"/>
  <system-out/>
  <testcase name="TestCase_009_shopListAdvSearch" time="31.552" classname="TestScript.RegressionTest"/>
  <system-out/>
  <testcase name="TestCase_010_shop_List_DownloadPDF" time="8.042" classname="TestScript.RegressionTest"/>
  <system-out/>
  <testcase name="TestCase_011_shop_List_DownloadExcel" time="8.547" classname="TestScript.RegressionTest"/>
  <system-out/>
  <testcase name="TestCase_012_CreateTerminal" time="21.912" classname="TestScript.RegressionTest"/>
  <system-out/>
  <testcase name="TestCase_013_TerminalSearch" time="25.385" classname="TestScript.RegressionTest"/>
  <system-out/>
  <testcase name="TestCase_014_TerminalDownloadPDF" time="7.583" classname="TestScript.RegressionTest"/>
  <system-out/>
  <testcase name="TestCase_015_TerminalDownloadExcel" time="6.817" classname="TestScript.RegressionTest"/>
  <system-out/>
</testsuite> <!-- TestScript.RegressionTest -->
