<?xml version="1.0" encoding="UTF-8"?>
<!-- Generated by org.testng.reporters.JUnitReportReporter -->
<testsuite skipped="0" hostname="sphkrd05" name="TestScript.RegressionTest" tests="16" failures="0" timestamp="2020-08-12T13:52:17 CST" time="456.533" errors="0">
  <testcase name="TestCase_001_Click_Shop_Group_Management" time="43.328" classname="TestScript.RegressionTest"/>
  <system-out/>
  <testcase name="TestCase_002_Shop_Group_Management_DownloadPDF" time="9.701" classname="TestScript.RegressionTest"/>
  <system-out/>
  <testcase name="TestCase_003_Shop_Group_Management_DownloadExcel" time="9.465" classname="TestScript.RegressionTest"/>
  <system-out/>
  <testcase name="TestCase_004_Shop_List_Verify_TradingName01" time="9.797" classname="TestScript.RegressionTest"/>
  <system-out/>
  <testcase name="TestCase_005_Shop_List_Verify_TradingName02" time="9.685" classname="TestScript.RegressionTest"/>
  <system-out/>
  <testcase name="TestCase_006_Create_Shop_list" time="89.853" classname="TestScript.RegressionTest"/>
  <system-out/>
  <testcase name="TestCase_006_Create_Shop_list" time="90.143" classname="TestScript.RegressionTest"/>
  <system-out/>
  <testcase name="TestCase_007_PointSchemeShopList" time="47.497" classname="TestScript.RegressionTest"/>
  <system-out/>
  <testcase name="TestCase_008_PointSchemeUpdateShopList" time="37.647" classname="TestScript.RegressionTest"/>
  <system-out/>
  <testcase name="TestCase_009_shopListAdvSearch" time="31.580" classname="TestScript.RegressionTest"/>
  <system-out/>
  <testcase name="TestCase_010_shop_List_DownloadPDF" time="8.046" classname="TestScript.RegressionTest"/>
  <system-out/>
  <testcase name="TestCase_011_shop_List_DownloadExcel" time="8.492" classname="TestScript.RegressionTest"/>
  <system-out/>
  <testcase name="TestCase_012_CreateTerminal" time="21.932" classname="TestScript.RegressionTest"/>
  <system-out/>
  <testcase name="TestCase_013_TerminalSearch" time="24.930" classname="TestScript.RegressionTest"/>
  <system-out/>
  <testcase name="TestCase_014_TerminalDownloadPDF" time="7.566" classname="TestScript.RegressionTest"/>
  <system-out/>
  <testcase name="TestCase_015_TerminalDownloadExcel" time="6.871" classname="TestScript.RegressionTest"/>
  <system-out/>
</testsuite> <!-- TestScript.RegressionTest -->
