<?xml version="1.0" encoding="UTF-8"?>
<!-- Generated by org.testng.reporters.JUnitReportReporter -->
<testsuite skipped="0" hostname="sphkrd05" name="TestScript.ShopListSearchTest" tests="1" failures="0" timestamp="2020-09-10T16:19:06 CST" time="66.905" errors="0">
  <testcase name="TestCase_015_ShopListSearchSID" time="66.905" classname="TestScript.ShopListSearchTest"/>
  <system-out/>
</testsuite> <!-- TestScript.ShopListSearchTest -->
