<?xml version="1.0" encoding="UTF-8"?>
<!-- Generated by org.testng.reporters.JUnitReportReporter -->
<testsuite skipped="4" hostname="sphkrd05" name="TestScript.RegressionTestThree" tests="17" failures="0" timestamp="2020-08-04T14:05:55 CST" time="394.203" errors="1">
  <testcase name="TestCase_016_UserGroupPermission_Internal" time="24.874" classname="TestScript.RegressionTestThree"/>
  <system-out/>
  <testcase name="TestCase_017_UserGroupPermission_Merchant" time="25.093" classname="TestScript.RegressionTestThree"/>
  <system-out/>
  <testcase name="TestCase_018_UserListForSetting_CreateMerchant" time="37.624" classname="TestScript.RegressionTestThree"/>
  <system-out/>
  <testcase name="TestCase_019_UserListForSetting_CreateInternal" time="26.273" classname="TestScript.RegressionTestThree"/>
  <system-out/>
  <testcase name="TestCase_020_Transactions" time="41.082" classname="TestScript.RegressionTestThree"/>
  <system-out/>
  <testcase name="TestCase_021_TransactionsDownloadPDF" time="3.252" classname="TestScript.RegressionTestThree"/>
  <system-out/>
  <testcase name="TestCase_022_TransactionsDownloadExcel" time="3.091" classname="TestScript.RegressionTestThree"/>
  <system-out/>
  <testcase name="TestCase_023_MonthlyReport" time="24.300" classname="TestScript.RegressionTestThree"/>
  <system-out/>
  <testcase name="TestCase_026_DailyReport" time="0.084" classname="TestScript.RegressionTestThree">
    <error type="org.openqa.selenium.UnhandledAlertException" message="unexpected alert open: {Alert text : No columns data return!}
  (Session info: chrome=84.0.4147.105): No columns data return!
Build info: version: &#039;3.141.59&#039;, revision: &#039;e82be7d358&#039;, time: &#039;2018-11-14T08:17:03&#039;
System info: host: &#039;SPHKRD05&#039;, ip: &#039;10.1.6.189&#039;, os.name: &#039;Windows 10&#039;, os.arch: &#039;amd64&#039;, os.version: &#039;10.0&#039;, java.version: &#039;1.8.0_251&#039;
Driver info: org.openqa.selenium.chrome.ChromeDriver
Capabilities {acceptInsecureCerts: false, browserName: chrome, browserVersion: 84.0.4147.105, chrome: {chromedriverVersion: 83.0.4103.39 (ccbf011cb2d2b..., userDataDir: C:\Users\abhishek.g\AppData...}, goog:chromeOptions: {debuggerAddress: localhost:57221}, javascriptEnabled: true, networkConnectionEnabled: false, pageLoadStrategy: normal, platform: WINDOWS, platformName: WINDOWS, proxy: Proxy(), setWindowRect: true, strictFileInteractability: false, timeouts: {implicit: 0, pageLoad: 300000, script: 30000}, unhandledPromptBehavior: dismiss and notify, webauthn:virtualAuthenticators: true}
Session ID: 0697ae75cc9f260f0f602b323beac11c
*** Element info: {Using=xpath, value=//a[@class=&#039;mm-btn mm-btn_next mm-listitem__btn mm-listitem__text&#039;][contains(text(),&#039;Report&#039;)]}">
      <![CDATA[org.openqa.selenium.UnhandledAlertException: unexpected alert open: {Alert text : No columns data return!}
  (Session info: chrome=84.0.4147.105): No columns data return!
Build info: version: '3.141.59', revision: 'e82be7d358', time: '2018-11-14T08:17:03'
System info: host: 'SPHKRD05', ip: '10.1.6.189', os.name: 'Windows 10', os.arch: 'amd64', os.version: '10.0', java.version: '1.8.0_251'
Driver info: org.openqa.selenium.chrome.ChromeDriver
Capabilities {acceptInsecureCerts: false, browserName: chrome, browserVersion: 84.0.4147.105, chrome: {chromedriverVersion: 83.0.4103.39 (ccbf011cb2d2b..., userDataDir: C:\Users\abhishek.g\AppData...}, goog:chromeOptions: {debuggerAddress: localhost:57221}, javascriptEnabled: true, networkConnectionEnabled: false, pageLoadStrategy: normal, platform: WINDOWS, platformName: WINDOWS, proxy: Proxy(), setWindowRect: true, strictFileInteractability: false, timeouts: {implicit: 0, pageLoad: 300000, script: 30000}, unhandledPromptBehavior: dismiss and notify, webauthn:virtualAuthenticators: true}
Session ID: 0697ae75cc9f260f0f602b323beac11c
*** Element info: {Using=xpath, value=//a[@class='mm-btn mm-btn_next mm-listitem__btn mm-listitem__text'][contains(text(),'Report')]}
at org.openqa.selenium.remote.http.W3CHttpResponseCodec.decode(W3CHttpResponseCodec.java:120)
at org.openqa.selenium.remote.http.W3CHttpResponseCodec.decode(W3CHttpResponseCodec.java:49)
at org.openqa.selenium.remote.HttpCommandExecutor.execute(HttpCommandExecutor.java:158)
at org.openqa.selenium.remote.service.DriverCommandExecutor.execute(DriverCommandExecutor.java:83)
at org.openqa.selenium.remote.RemoteWebDriver.execute(RemoteWebDriver.java:552)
at org.openqa.selenium.remote.RemoteWebDriver.findElement(RemoteWebDriver.java:323)
at org.openqa.selenium.remote.RemoteWebDriver.findElementByXPath(RemoteWebDriver.java:428)
at org.openqa.selenium.By$ByXPath.findElement(By.java:353)
at org.openqa.selenium.remote.RemoteWebDriver.findElement(RemoteWebDriver.java:315)
at DashBoard.DailyReport.ReportDaily(DailyReport.java:35)
at TestScript.RegressionTestThree.TestCase_026_DailyReport(RegressionTestThree.java:122)
at sun.reflect.NativeMethodAccessorImpl.invoke0(Native Method)
at sun.reflect.NativeMethodAccessorImpl.invoke(NativeMethodAccessorImpl.java:62)
at sun.reflect.DelegatingMethodAccessorImpl.invoke(DelegatingMethodAccessorImpl.java:43)
at java.lang.reflect.Method.invoke(Method.java:498)
at org.testng.internal.MethodInvocationHelper.invokeMethod(MethodInvocationHelper.java:135)
at org.testng.internal.TestInvoker.invokeMethod(TestInvoker.java:598)
at org.testng.internal.TestInvoker.invokeTestMethod(TestInvoker.java:174)
at org.testng.internal.MethodRunner.runInSequence(MethodRunner.java:46)
at org.testng.internal.TestInvoker$MethodInvocationAgent.invoke(TestInvoker.java:821)
at org.testng.internal.TestInvoker.invokeTestMethods(TestInvoker.java:147)
at org.testng.internal.TestMethodWorker.invokeTestMethods(TestMethodWorker.java:146)
at org.testng.internal.TestMethodWorker.run(TestMethodWorker.java:128)
at java.util.ArrayList.forEach(ArrayList.java:1257)
at org.testng.TestRunner.privateRun(TestRunner.java:767)
at org.testng.TestRunner.run(TestRunner.java:588)
at org.testng.SuiteRunner.runTest(SuiteRunner.java:384)
at org.testng.SuiteRunner.runSequentially(SuiteRunner.java:378)
at org.testng.SuiteRunner.privateRun(SuiteRunner.java:337)
at org.testng.SuiteRunner.run(SuiteRunner.java:286)
at org.testng.SuiteRunnerWorker.runSuite(SuiteRunnerWorker.java:53)
at org.testng.SuiteRunnerWorker.run(SuiteRunnerWorker.java:96)
at org.testng.TestNG.runSuitesSequentially(TestNG.java:1214)
at org.testng.TestNG.runSuitesLocally(TestNG.java:1136)
at org.testng.TestNG.runSuites(TestNG.java:1066)
at org.testng.TestNG.run(TestNG.java:1034)
at org.testng.remote.AbstractRemoteTestNG.run(AbstractRemoteTestNG.java:115)
at org.testng.remote.RemoteTestNG.initAndRun(RemoteTestNG.java:251)
at org.testng.remote.RemoteTestNG.main(RemoteTestNG.java:77)
]]>
    </error>
  </testcase> <!-- TestCase_026_DailyReport -->
  <system-out/>
  <testcase name="TestCase_030_ShopGroupDelete" time="21.943" classname="TestScript.RegressionTestThree"/>
  <system-out/>
  <testcase name="TestCase_031_ShopListDelete" time="69.619" classname="TestScript.RegressionTestThree"/>
  <system-out/>
  <testcase name="TestCase_033_DeleteSetting" time="98.009" classname="TestScript.RegressionTestThree"/>
  <system-out/>
  <testcase name="TestCase_032_DeleteOthers" time="18.959" classname="TestScript.RegressionTestThree"/>
  <system-out/>
  <testcase name="TestCase_027_DailyReportPDF" classname="TestScript.RegressionTestThree">
    <skipped/>
  </testcase> <!-- TestCase_027_DailyReportPDF -->
  <system-out/>
  <testcase name="TestCase_028_DailyReportExcel" classname="TestScript.RegressionTestThree">
    <skipped/>
  </testcase> <!-- TestCase_028_DailyReportExcel -->
  <system-out/>
  <testcase name="TestCase_024_MonthlyReportPDF" classname="TestScript.RegressionTestThree">
    <skipped/>
  </testcase> <!-- TestCase_024_MonthlyReportPDF -->
  <system-out/>
  <testcase name="TestCase_025_MonthlyReportExcel" classname="TestScript.RegressionTestThree">
    <skipped/>
  </testcase> <!-- TestCase_025_MonthlyReportExcel -->
  <system-out/>
</testsuite> <!-- TestScript.RegressionTestThree -->
