<?xml version="1.0" encoding="UTF-8"?>
<!-- Generated by org.testng.reporters.JUnitReportReporter -->
<testsuite skipped="30" hostname="sphkrd05" name="TestScript.RegressionTest" tests="32" failures="0" timestamp="2020-07-24T12:18:51 CST" time="14.791" errors="0">
  <testcase name="TestCase_013_TerminalDownloadPDF" time="8.214" classname="TestScript.RegressionTest"/>
  <system-out/>
  <testcase name="TestCase_014_TerminalDownloadExcel" time="6.577" classname="TestScript.RegressionTest"/>
  <system-out/>
  <testcase name="TestCase_008_PointSchemeUpdateShopList" classname="TestScript.RegressionTest">
    <skipped/>
  </testcase> <!-- TestCase_008_PointSchemeUpdateShopList -->
  <system-out/>
  <testcase name="TestCase_006_Create_Shop_list" classname="TestScript.RegressionTest">
    <skipped/>
  </testcase> <!-- TestCase_006_Create_Shop_list -->
  <system-out/>
  <testcase name="TestCase_026_DailyReportPDF" classname="TestScript.RegressionTest">
    <skipped/>
  </testcase> <!-- TestCase_026_DailyReportPDF -->
  <system-out/>
  <testcase name="TestCase_001_Click_Shop_menu" classname="TestScript.RegressionTest">
    <skipped/>
  </testcase> <!-- TestCase_001_Click_Shop_menu -->
  <system-out/>
  <testcase name="TestCase_021_TransactionsDownloadExcel" classname="TestScript.RegressionTest">
    <skipped/>
  </testcase> <!-- TestCase_021_TransactionsDownloadExcel -->
  <system-out/>
  <testcase name="TestCase_010_shop_DownloadExcel" classname="TestScript.RegressionTest">
    <skipped/>
  </testcase> <!-- TestCase_010_shop_DownloadExcel -->
  <system-out/>
  <testcase name="TestCase_005_Shop_menu_Verifys" classname="TestScript.RegressionTest">
    <skipped/>
  </testcase> <!-- TestCase_005_Shop_menu_Verifys -->
  <system-out/>
  <testcase name="TestCase_023_MonthlyReportPDF" classname="TestScript.RegressionTest">
    <skipped/>
  </testcase> <!-- TestCase_023_MonthlyReportPDF -->
  <system-out/>
  <testcase name="TestCase_011_Terminal" classname="TestScript.RegressionTest">
    <skipped/>
  </testcase> <!-- TestCase_011_Terminal -->
  <system-out/>
  <testcase name="TestCase_006_PointSchemeShopList" classname="TestScript.RegressionTest">
    <skipped/>
  </testcase> <!-- TestCase_006_PointSchemeShopList -->
  <system-out/>
  <testcase name="TestCase_018_UserListForSetting_CreateInternal" classname="TestScript.RegressionTest">
    <skipped/>
  </testcase> <!-- TestCase_018_UserListForSetting_CreateInternal -->
  <system-out/>
  <testcase name="TestCase_022_MonthlyReport" classname="TestScript.RegressionTest">
    <skipped/>
  </testcase> <!-- TestCase_022_MonthlyReport -->
  <system-out/>
  <testcase name="TestCase_010_shop_DownloadPDF" classname="TestScript.RegressionTest">
    <skipped/>
  </testcase> <!-- TestCase_010_shop_DownloadPDF -->
  <system-out/>
  <testcase name="TestCase_012_TerminalSearch" classname="TestScript.RegressionTest">
    <skipped/>
  </testcase> <!-- TestCase_012_TerminalSearch -->
  <system-out/>
  <testcase name="TestCase_030_ShopListDelete" classname="TestScript.RegressionTest">
    <skipped/>
  </testcase> <!-- TestCase_030_ShopListDelete -->
  <system-out/>
  <testcase name="TestCase_027_DailyReportExcel" classname="TestScript.RegressionTest">
    <skipped/>
  </testcase> <!-- TestCase_027_DailyReportExcel -->
  <system-out/>
  <testcase name="TestCase_017_UserListForSetting_CreateMerchant" classname="TestScript.RegressionTest">
    <skipped/>
  </testcase> <!-- TestCase_017_UserListForSetting_CreateMerchant -->
  <system-out/>
  <testcase name="TestCase_019_Transactions" classname="TestScript.RegressionTest">
    <skipped/>
  </testcase> <!-- TestCase_019_Transactions -->
  <system-out/>
  <testcase name="TestCase_002_Shop_menu_DownloadPDF" classname="TestScript.RegressionTest">
    <skipped/>
  </testcase> <!-- TestCase_002_Shop_menu_DownloadPDF -->
  <system-out/>
  <testcase name="TestCase_031_DeleteOthers" classname="TestScript.RegressionTest">
    <skipped/>
  </testcase> <!-- TestCase_031_DeleteOthers -->
  <system-out/>
  <testcase name="TestCase_004_Shop_menu_Verifym" classname="TestScript.RegressionTest">
    <skipped/>
  </testcase> <!-- TestCase_004_Shop_menu_Verifym -->
  <system-out/>
  <testcase name="TestCase_003_Shop_menu_DownloadExcel" classname="TestScript.RegressionTest">
    <skipped/>
  </testcase> <!-- TestCase_003_Shop_menu_DownloadExcel -->
  <system-out/>
  <testcase name="TestCase_029_ShopGroupDelete" classname="TestScript.RegressionTest">
    <skipped/>
  </testcase> <!-- TestCase_029_ShopGroupDelete -->
  <system-out/>
  <testcase name="TestCase_028_TerminalnotApollo" classname="TestScript.RegressionTest">
    <skipped/>
  </testcase> <!-- TestCase_028_TerminalnotApollo -->
  <system-out/>
  <testcase name="TestCase_025_DailyReport" classname="TestScript.RegressionTest">
    <skipped/>
  </testcase> <!-- TestCase_025_DailyReport -->
  <system-out/>
  <testcase name="TestCase_015_UserGroupPermission_Internal" classname="TestScript.RegressionTest">
    <skipped/>
  </testcase> <!-- TestCase_015_UserGroupPermission_Internal -->
  <system-out/>
  <testcase name="TestCase_024_MonthlyReportExcel" classname="TestScript.RegressionTest">
    <skipped/>
  </testcase> <!-- TestCase_024_MonthlyReportExcel -->
  <system-out/>
  <testcase name="TestCase_020_TransactionsDownloadPDF" classname="TestScript.RegressionTest">
    <skipped/>
  </testcase> <!-- TestCase_020_TransactionsDownloadPDF -->
  <system-out/>
  <testcase name="TestCase_016_UserGroupPermission_Merchant" classname="TestScript.RegressionTest">
    <skipped/>
  </testcase> <!-- TestCase_016_UserGroupPermission_Merchant -->
  <system-out/>
  <testcase name="TestCase_009_shopAdvSearch" classname="TestScript.RegressionTest">
    <skipped/>
  </testcase> <!-- TestCase_009_shopAdvSearch -->
  <system-out/>
</testsuite> <!-- TestScript.RegressionTest -->
