<?xml version="1.0" encoding="UTF-8"?>
<!-- Generated by org.testng.reporters.JUnitReportReporter -->
<testsuite skipped="0" hostname="sphkrd05" name="TestScript.MerchantTest" tests="5" failures="0" timestamp="2020-09-10T15:03:28 CST" time="60.709" errors="0">
  <testcase name="TestCase_0_CreateMerchantProfile" time="29.806" classname="TestScript.MerchantTest"/>
  <system-out/>
  <testcase name="TestCase_0_CreateMerchantProfileDownloadExcel" time="5.099" classname="TestScript.MerchantTest"/>
  <system-out/>
  <testcase name="TestCase_0_CreateMerchantProfileDownloadPDF" time="5.333" classname="TestScript.MerchantTest"/>
  <system-out/>
  <testcase name="TestCase_0_CreateMerchantProfileMerchantSearch" time="10.613" classname="TestScript.MerchantTest"/>
  <system-out/>
  <testcase name="TestCase_0_CreateMerchantProfileAdvancedSearch" time="9.858" classname="TestScript.MerchantTest"/>
  <system-out/>
</testsuite> <!-- TestScript.MerchantTest -->
