<?xml version="1.0" encoding="UTF-8"?>
<!-- Generated by org.testng.reporters.JUnitReportReporter -->
<testsuite skipped="5" hostname="sphkrd05" name="TestScript.RegressionTestThree" tests="17" failures="0" timestamp="2020-08-12T13:52:17 CST" time="403.100" errors="0">
  <testcase name="TestCase_016_UserGroupPermission_Internal" time="30.078" classname="TestScript.RegressionTestThree"/>
  <system-out/>
  <testcase name="TestCase_017_UserGroupPermission_Merchant" time="24.995" classname="TestScript.RegressionTestThree"/>
  <system-out/>
  <testcase name="TestCase_018_UserListForSetting_CreateMerchant" time="37.630" classname="TestScript.RegressionTestThree"/>
  <system-out/>
  <testcase name="TestCase_019_UserListForSetting_CreateInternal" time="26.341" classname="TestScript.RegressionTestThree"/>
  <system-out/>
  <testcase name="TestCase_020_Transactions" time="41.259" classname="TestScript.RegressionTestThree"/>
  <system-out/>
  <testcase name="TestCase_021_TransactionsDownloadPDF" time="3.604" classname="TestScript.RegressionTestThree"/>
  <system-out/>
  <testcase name="TestCase_022_TransactionsDownloadExcel" time="3.121" classname="TestScript.RegressionTestThree"/>
  <system-out/>
  <testcase name="TestCase_023_MonthlyReport" time="27.461" classname="TestScript.RegressionTestThree"/>
  <system-out/>
  <testcase name="TestCase_030_ShopGroupDelete" time="21.968" classname="TestScript.RegressionTestThree"/>
  <system-out/>
  <testcase name="TestCase_032_DeleteOthers" time="19.301" classname="TestScript.RegressionTestThree"/>
  <system-out/>
  <testcase name="TestCase_033_DeleteSetting" time="97.921" classname="TestScript.RegressionTestThree"/>
  <system-out/>
  <testcase name="TestCase_031_ShopListDelete" time="69.421" classname="TestScript.RegressionTestThree"/>
  <system-out/>
  <testcase name="TestCase_027_DailyReportPDF" classname="TestScript.RegressionTestThree">
    <skipped/>
  </testcase> <!-- TestCase_027_DailyReportPDF -->
  <system-out/>
  <testcase name="TestCase_028_DailyReportExcel" classname="TestScript.RegressionTestThree">
    <skipped/>
  </testcase> <!-- TestCase_028_DailyReportExcel -->
  <system-out/>
  <testcase name="TestCase_026_DailyReport" classname="TestScript.RegressionTestThree">
    <skipped/>
  </testcase> <!-- TestCase_026_DailyReport -->
  <system-out/>
  <testcase name="TestCase_024_MonthlyReportPDF" classname="TestScript.RegressionTestThree">
    <skipped/>
  </testcase> <!-- TestCase_024_MonthlyReportPDF -->
  <system-out/>
  <testcase name="TestCase_025_MonthlyReportExcel" classname="TestScript.RegressionTestThree">
    <skipped/>
  </testcase> <!-- TestCase_025_MonthlyReportExcel -->
  <system-out/>
</testsuite> <!-- TestScript.RegressionTestThree -->
