<?xml version="1.0" encoding="UTF-8"?>
<!-- Generated by org.testng.reporters.JUnitReportReporter -->
<testsuite skipped="1" hostname="sphkrd05" name="TestScript.RegressionTest" tests="16" failures="0" timestamp="2020-08-17T17:38:52 CST" time="561.426" errors="0">
  <testcase name="TestCase_001_Click_Shop_Group_Management" time="22.379" classname="TestScript.RegressionTest"/>
  <system-out/>
  <testcase name="TestCase_002_Shop_Group_Management_DownloadPDF" time="9.743" classname="TestScript.RegressionTest"/>
  <system-out/>
  <testcase name="TestCase_003_Shop_Group_Management_DownloadExcel" time="9.554" classname="TestScript.RegressionTest"/>
  <system-out/>
  <testcase name="TestCase_004_Shop_List_Verify_TradingName01" time="19.959" classname="TestScript.RegressionTest"/>
  <system-out/>
  <testcase name="TestCase_005_Shop_List_Verify_TradingName02" time="81.835" classname="TestScript.RegressionTest"/>
  <system-out/>
  <testcase name="TestCase_006_Create_Shop_list" time="99.977" classname="TestScript.RegressionTest"/>
  <system-out/>
  <testcase name="TestCase_006_Create_Shop_list" time="100.090" classname="TestScript.RegressionTest"/>
  <system-out/>
  <testcase name="TestCase_007_PointSchemeShopList" time="68.103" classname="TestScript.RegressionTest"/>
  <system-out/>
  <testcase name="TestCase_009_shopListAdvSearch" time="45.563" classname="TestScript.RegressionTest"/>
  <system-out/>
  <testcase name="TestCase_010_shop_List_DownloadPDF" time="18.703" classname="TestScript.RegressionTest"/>
  <system-out/>
  <testcase name="TestCase_011_shop_List_DownloadExcel" time="18.635" classname="TestScript.RegressionTest"/>
  <system-out/>
  <testcase name="TestCase_012_CreateTerminal" time="26.268" classname="TestScript.RegressionTest"/>
  <system-out/>
  <testcase name="TestCase_013_TerminalSearch" time="25.360" classname="TestScript.RegressionTest"/>
  <system-out/>
  <testcase name="TestCase_014_TerminalDownloadPDF" time="7.953" classname="TestScript.RegressionTest"/>
  <system-out/>
  <testcase name="TestCase_015_TerminalDownloadExcel" time="7.304" classname="TestScript.RegressionTest"/>
  <system-out/>
  <testcase name="TestCase_008_PointSchemeUpdateShopList" classname="TestScript.RegressionTest">
    <skipped/>
  </testcase> <!-- TestCase_008_PointSchemeUpdateShopList -->
  <system-out/>
</testsuite> <!-- TestScript.RegressionTest -->
