<?xml version="1.0" encoding="UTF-8"?>
<!-- Generated by org.testng.reporters.JUnitReportReporter -->
<testsuite skipped="14" hostname="sphkrd05" name="TestScript.RegressionTest" tests="15" failures="0" timestamp="2020-07-30T11:09:58 CST" time="40.239" errors="1">
  <testcase name="TestCase_008_PointSchemeUpdateShopList" time="40.239" classname="TestScript.RegressionTest">
    <error type="org.openqa.selenium.NoSuchElementException" message="no such element: Unable to locate element: {&quot;method&quot;:&quot;xpath&quot;,&quot;selector&quot;:&quot;//*[@id=&quot;table_main&quot;]/tbody/tr/td[2]&quot;}
  (Session info: chrome=84.0.4147.89)
For documentation on this error, please visit: https://www.seleniumhq.org/exceptions/no_such_element.html
Build info: version: &#039;3.141.59&#039;, revision: &#039;e82be7d358&#039;, time: &#039;2018-11-14T08:17:03&#039;
System info: host: &#039;SPHKRD05&#039;, ip: &#039;10.1.6.189&#039;, os.name: &#039;Windows 10&#039;, os.arch: &#039;amd64&#039;, os.version: &#039;10.0&#039;, java.version: &#039;1.8.0_251&#039;
Driver info: org.openqa.selenium.chrome.ChromeDriver
Capabilities {acceptInsecureCerts: false, browserName: chrome, browserVersion: 84.0.4147.89, chrome: {chromedriverVersion: 83.0.4103.39 (ccbf011cb2d2b..., userDataDir: C:\Users\abhishek.g\AppData...}, goog:chromeOptions: {debuggerAddress: localhost:57570}, javascriptEnabled: true, networkConnectionEnabled: false, pageLoadStrategy: normal, platform: WINDOWS, platformName: WINDOWS, proxy: Proxy(), setWindowRect: true, strictFileInteractability: false, timeouts: {implicit: 0, pageLoad: 300000, script: 30000}, unhandledPromptBehavior: dismiss and notify, webauthn:virtualAuthenticators: true}
Session ID: bc75b4f072fdcaa27594ab5ff7274604
*** Element info: {Using=xpath, value=//*[@id=&quot;table_main&quot;]/tbody/tr/td[2]}">
      <![CDATA[org.openqa.selenium.NoSuchElementException: no such element: Unable to locate element: {"method":"xpath","selector":"//*[@id="table_main"]/tbody/tr/td[2]"}
  (Session info: chrome=84.0.4147.89)
For documentation on this error, please visit: https://www.seleniumhq.org/exceptions/no_such_element.html
Build info: version: '3.141.59', revision: 'e82be7d358', time: '2018-11-14T08:17:03'
System info: host: 'SPHKRD05', ip: '10.1.6.189', os.name: 'Windows 10', os.arch: 'amd64', os.version: '10.0', java.version: '1.8.0_251'
Driver info: org.openqa.selenium.chrome.ChromeDriver
Capabilities {acceptInsecureCerts: false, browserName: chrome, browserVersion: 84.0.4147.89, chrome: {chromedriverVersion: 83.0.4103.39 (ccbf011cb2d2b..., userDataDir: C:\Users\abhishek.g\AppData...}, goog:chromeOptions: {debuggerAddress: localhost:57570}, javascriptEnabled: true, networkConnectionEnabled: false, pageLoadStrategy: normal, platform: WINDOWS, platformName: WINDOWS, proxy: Proxy(), setWindowRect: true, strictFileInteractability: false, timeouts: {implicit: 0, pageLoad: 300000, script: 30000}, unhandledPromptBehavior: dismiss and notify, webauthn:virtualAuthenticators: true}
Session ID: bc75b4f072fdcaa27594ab5ff7274604
*** Element info: {Using=xpath, value=//*[@id="table_main"]/tbody/tr/td[2]}
at sun.reflect.NativeConstructorAccessorImpl.newInstance0(Native Method)
at sun.reflect.NativeConstructorAccessorImpl.newInstance(NativeConstructorAccessorImpl.java:62)
at sun.reflect.DelegatingConstructorAccessorImpl.newInstance(DelegatingConstructorAccessorImpl.java:45)
at java.lang.reflect.Constructor.newInstance(Constructor.java:423)
at org.openqa.selenium.remote.http.W3CHttpResponseCodec.createException(W3CHttpResponseCodec.java:187)
at org.openqa.selenium.remote.http.W3CHttpResponseCodec.decode(W3CHttpResponseCodec.java:122)
at org.openqa.selenium.remote.http.W3CHttpResponseCodec.decode(W3CHttpResponseCodec.java:49)
at org.openqa.selenium.remote.HttpCommandExecutor.execute(HttpCommandExecutor.java:158)
at org.openqa.selenium.remote.service.DriverCommandExecutor.execute(DriverCommandExecutor.java:83)
at org.openqa.selenium.remote.RemoteWebDriver.execute(RemoteWebDriver.java:552)
at org.openqa.selenium.remote.RemoteWebDriver.findElement(RemoteWebDriver.java:323)
at org.openqa.selenium.remote.RemoteWebDriver.findElementByXPath(RemoteWebDriver.java:428)
at org.openqa.selenium.By$ByXPath.findElement(By.java:353)
at org.openqa.selenium.remote.RemoteWebDriver.findElement(RemoteWebDriver.java:315)
at DashBoard.MerchanList.UpdatePointScheme(MerchanList.java:325)
at TestScript.RegressionTest.TestCase_008_PointSchemeUpdateShopList(RegressionTest.java:114)
at sun.reflect.NativeMethodAccessorImpl.invoke0(Native Method)
at sun.reflect.NativeMethodAccessorImpl.invoke(NativeMethodAccessorImpl.java:62)
at sun.reflect.DelegatingMethodAccessorImpl.invoke(DelegatingMethodAccessorImpl.java:43)
at java.lang.reflect.Method.invoke(Method.java:498)
at org.testng.internal.MethodInvocationHelper.invokeMethod(MethodInvocationHelper.java:135)
at org.testng.internal.TestInvoker.invokeMethod(TestInvoker.java:598)
at org.testng.internal.TestInvoker.invokeTestMethod(TestInvoker.java:174)
at org.testng.internal.MethodRunner.runInSequence(MethodRunner.java:46)
at org.testng.internal.TestInvoker$MethodInvocationAgent.invoke(TestInvoker.java:821)
at org.testng.internal.TestInvoker.invokeTestMethods(TestInvoker.java:147)
at org.testng.internal.TestMethodWorker.invokeTestMethods(TestMethodWorker.java:146)
at org.testng.internal.TestMethodWorker.run(TestMethodWorker.java:128)
at java.util.ArrayList.forEach(ArrayList.java:1257)
at org.testng.TestRunner.privateRun(TestRunner.java:767)
at org.testng.TestRunner.run(TestRunner.java:588)
at org.testng.SuiteRunner.runTest(SuiteRunner.java:384)
at org.testng.SuiteRunner.runSequentially(SuiteRunner.java:378)
at org.testng.SuiteRunner.privateRun(SuiteRunner.java:337)
at org.testng.SuiteRunner.run(SuiteRunner.java:286)
at org.testng.SuiteRunnerWorker.runSuite(SuiteRunnerWorker.java:53)
at org.testng.SuiteRunnerWorker.run(SuiteRunnerWorker.java:96)
at org.testng.TestNG.runSuitesSequentially(TestNG.java:1214)
at org.testng.TestNG.runSuitesLocally(TestNG.java:1136)
at org.testng.TestNG.runSuites(TestNG.java:1066)
at org.testng.TestNG.run(TestNG.java:1034)
at org.testng.remote.AbstractRemoteTestNG.run(AbstractRemoteTestNG.java:115)
at org.testng.remote.RemoteTestNG.initAndRun(RemoteTestNG.java:251)
at org.testng.remote.RemoteTestNG.main(RemoteTestNG.java:77)
]]>
    </error>
  </testcase> <!-- TestCase_008_PointSchemeUpdateShopList -->
  <system-out/>
  <testcase name="TestCase_015_TerminalDownloadExcel" classname="TestScript.RegressionTest">
    <skipped/>
  </testcase> <!-- TestCase_015_TerminalDownloadExcel -->
  <system-out/>
  <testcase name="TestCase_006_Create_Shop_list" classname="TestScript.RegressionTest">
    <skipped/>
  </testcase> <!-- TestCase_006_Create_Shop_list -->
  <system-out/>
  <testcase name="TestCase_004_Shop_List_Verify_TradingName01" classname="TestScript.RegressionTest">
    <skipped/>
  </testcase> <!-- TestCase_004_Shop_List_Verify_TradingName01 -->
  <system-out/>
  <testcase name="TestCase_001_Click_Shop_Group_Management" classname="TestScript.RegressionTest">
    <skipped/>
  </testcase> <!-- TestCase_001_Click_Shop_Group_Management -->
  <system-out/>
  <testcase name="TestCase_003_Shop_Group_Management_DownloadExcel" classname="TestScript.RegressionTest">
    <skipped/>
  </testcase> <!-- TestCase_003_Shop_Group_Management_DownloadExcel -->
  <system-out/>
  <testcase name="TestCase_012_CreateTerminal" classname="TestScript.RegressionTest">
    <skipped/>
  </testcase> <!-- TestCase_012_CreateTerminal -->
  <system-out/>
  <testcase name="TestCase_010_shop_List_DownloadPDF" classname="TestScript.RegressionTest">
    <skipped/>
  </testcase> <!-- TestCase_010_shop_List_DownloadPDF -->
  <system-out/>
  <testcase name="TestCase_011_shop_List_DownloadExcel" classname="TestScript.RegressionTest">
    <skipped/>
  </testcase> <!-- TestCase_011_shop_List_DownloadExcel -->
  <system-out/>
  <testcase name="TestCase_013_TerminalSearch" classname="TestScript.RegressionTest">
    <skipped/>
  </testcase> <!-- TestCase_013_TerminalSearch -->
  <system-out/>
  <testcase name="TestCase_005_Shop_List_Verify_TradingName02" classname="TestScript.RegressionTest">
    <skipped/>
  </testcase> <!-- TestCase_005_Shop_List_Verify_TradingName02 -->
  <system-out/>
  <testcase name="TestCase_009_shopListAdvSearch" classname="TestScript.RegressionTest">
    <skipped/>
  </testcase> <!-- TestCase_009_shopListAdvSearch -->
  <system-out/>
  <testcase name="TestCase_002_Shop_Group_Management_DownloadPDF" classname="TestScript.RegressionTest">
    <skipped/>
  </testcase> <!-- TestCase_002_Shop_Group_Management_DownloadPDF -->
  <system-out/>
  <testcase name="TestCase_007_PointSchemeShopList" classname="TestScript.RegressionTest">
    <skipped/>
  </testcase> <!-- TestCase_007_PointSchemeShopList -->
  <system-out/>
  <testcase name="TestCase_014_TerminalDownloadPDF" classname="TestScript.RegressionTest">
    <skipped/>
  </testcase> <!-- TestCase_014_TerminalDownloadPDF -->
  <system-out/>
</testsuite> <!-- TestScript.RegressionTest -->
