<?xml version="1.0" encoding="UTF-8"?>
<!-- Generated by org.testng.reporters.JUnitReportReporter -->
<testsuite skipped="0" hostname="sphkrd05" name="TestScript.JiraTestCases" tests="1" failures="0" timestamp="2020-07-17T16:44:07 CST" time="55.124" errors="0">
  <testcase name="TestCase_001_VSM_218_Update_slip_header1negativevalues" time="55.124" classname="TestScript.JiraTestCases"/>
  <system-out/>
</testsuite> <!-- TestScript.JiraTestCases -->
