<?xml version="1.0" encoding="UTF-8"?>
<!-- Generated by org.testng.reporters.JUnitReportReporter -->
<testsuite skipped="17" hostname="sphkrd05" name="TestScript.RegressionTest" tests="18" failures="0" timestamp="2020-07-13T18:01:42 CST" time="73.753" errors="0">
  <testcase name="TestCase_018_PointSchemeShopList" time="73.753" classname="TestScript.RegressionTest"/>
  <system-out/>
  <testcase name="TestCase_010_UserListForSetting" classname="TestScript.RegressionTest">
    <skipped/>
  </testcase> <!-- TestCase_010_UserListForSetting -->
  <system-out/>
  <testcase name="TestCase_001_Click_Shop_menu" classname="TestScript.RegressionTest">
    <skipped/>
  </testcase> <!-- TestCase_001_Click_Shop_menu -->
  <system-out/>
  <testcase name="TestCase_003_Create_Shop_list" classname="TestScript.RegressionTest">
    <skipped/>
  </testcase> <!-- TestCase_003_Create_Shop_list -->
  <system-out/>
  <testcase name="TestCase_005_shop_Download" classname="TestScript.RegressionTest">
    <skipped/>
  </testcase> <!-- TestCase_005_shop_Download -->
  <system-out/>
  <testcase name="TestCase_011_Transactions" classname="TestScript.RegressionTest">
    <skipped/>
  </testcase> <!-- TestCase_011_Transactions -->
  <system-out/>
  <testcase name="TestCase_016_ShopListDelete" classname="TestScript.RegressionTest">
    <skipped/>
  </testcase> <!-- TestCase_016_ShopListDelete -->
  <system-out/>
  <testcase name="TestCase_006_Terminal" classname="TestScript.RegressionTest">
    <skipped/>
  </testcase> <!-- TestCase_006_Terminal -->
  <system-out/>
  <testcase name="TestCase_015_ShopGroupDelete" classname="TestScript.RegressionTest">
    <skipped/>
  </testcase> <!-- TestCase_015_ShopGroupDelete -->
  <system-out/>
  <testcase name="TestCase_012_TransactionsDownload" classname="TestScript.RegressionTest">
    <skipped/>
  </testcase> <!-- TestCase_012_TransactionsDownload -->
  <system-out/>
  <testcase name="TestCase_004_shopAdvSearch" classname="TestScript.RegressionTest">
    <skipped/>
  </testcase> <!-- TestCase_004_shopAdvSearch -->
  <system-out/>
  <testcase name="TestCase_007_TerminalSearch" classname="TestScript.RegressionTest">
    <skipped/>
  </testcase> <!-- TestCase_007_TerminalSearch -->
  <system-out/>
  <testcase name="TestCase_002_Shop_menu" classname="TestScript.RegressionTest">
    <skipped/>
  </testcase> <!-- TestCase_002_Shop_menu -->
  <system-out/>
  <testcase name="TestCase_008_TerminalDownload" classname="TestScript.RegressionTest">
    <skipped/>
  </testcase> <!-- TestCase_008_TerminalDownload -->
  <system-out/>
  <testcase name="TestCase_009_UserGroupPermission" classname="TestScript.RegressionTest">
    <skipped/>
  </testcase> <!-- TestCase_009_UserGroupPermission -->
  <system-out/>
  <testcase name="TestCase_014_DailyReport" classname="TestScript.RegressionTest">
    <skipped/>
  </testcase> <!-- TestCase_014_DailyReport -->
  <system-out/>
  <testcase name="TestCase_013_MonthlyReport" classname="TestScript.RegressionTest">
    <skipped/>
  </testcase> <!-- TestCase_013_MonthlyReport -->
  <system-out/>
  <testcase name="TestCase_017_TerminalnotApollo" classname="TestScript.RegressionTest">
    <skipped/>
  </testcase> <!-- TestCase_017_TerminalnotApollo -->
  <system-out/>
</testsuite> <!-- TestScript.RegressionTest -->
