<?xml version="1.0" encoding="UTF-8"?>
<!-- Generated by org.testng.reporters.JUnitReportReporter -->
<testsuite skipped="1" hostname="sphkrd05" name="TestScript.RegressionTestTwo" tests="5" failures="0" timestamp="2020-07-24T14:36:31 CST" time="65.288" errors="0">
  <testcase name="TestCase_012_Terminal" time="27.057" classname="TestScript.RegressionTestTwo"/>
  <system-out/>
  <testcase name="TestCase_013_TerminalSearch" time="24.495" classname="TestScript.RegressionTestTwo"/>
  <system-out/>
  <testcase name="TestCase_014_TerminalDownloadPDF" time="7.212" classname="TestScript.RegressionTestTwo"/>
  <system-out/>
  <testcase name="TestCase_015_TerminalDownloadExcel" time="6.524" classname="TestScript.RegressionTestTwo"/>
  <system-out/>
  <testcase name="TestCase_029_TerminalnotApollo" classname="TestScript.RegressionTestTwo">
    <skipped/>
  </testcase> <!-- TestCase_029_TerminalnotApollo -->
  <system-out/>
</testsuite> <!-- TestScript.RegressionTestTwo -->
