<?xml version="1.0" encoding="UTF-8"?>
<!-- Generated by org.testng.reporters.JUnitReportReporter -->
<testsuite skipped="0" hostname="sphkrd05" name="TestScript.Reports" tests="10" failures="0" timestamp="2020-09-10T16:19:05 CST" time="114.782" errors="0">
  <testcase name="TestCase_025_MonthlyReport" time="27.246" classname="TestScript.Reports"/>
  <system-out/>
  <testcase name="TestCase_026_MonthlyReportSearch" time="7.402" classname="TestScript.Reports"/>
  <system-out/>
  <testcase name="TestCase_027_MonthlyReportPDF" time="13.201" classname="TestScript.Reports"/>
  <system-out/>
  <testcase name="TestCase_028_MonthlyReportExcel" time="5.084" classname="TestScript.Reports"/>
  <system-out/>
  <testcase name="TestCase_029_MonthlyReportExportData" time="5.086" classname="TestScript.Reports"/>
  <system-out/>
  <testcase name="TestCase_030_DailyReport" time="24.119" classname="TestScript.Reports"/>
  <system-out/>
  <testcase name="TestCase_031_DailyReportsearch" time="7.209" classname="TestScript.Reports"/>
  <system-out/>
  <testcase name="TestCase_032_DailyReportPDF" time="15.242" classname="TestScript.Reports"/>
  <system-out/>
  <testcase name="TestCase_033_DailyReportExcel" time="5.100" classname="TestScript.Reports"/>
  <system-out/>
  <testcase name="TestCase_034_DailyReportExportRawData" time="5.093" classname="TestScript.Reports"/>
  <system-out/>
</testsuite> <!-- TestScript.Reports -->
