<?xml version="1.0" encoding="UTF-8"?>
<!-- Generated by org.testng.reporters.JUnitReportReporter -->
<testsuite skipped="5" hostname="sphkrd05" name="TestScript.DeleteAll" tests="8" failures="0" timestamp="2020-09-10T16:19:05 CST" time="155.966" errors="0">
  <testcase name="TestCase_ShopGroupDelete" time="24.631" classname="TestScript.DeleteAll"/>
  <system-out/>
  <testcase name="TestCase_DeleteTerminal" time="19.379" classname="TestScript.DeleteAll"/>
  <system-out/>
  <testcase name="TestCase_031_ShopListDelete" time="111.956" classname="TestScript.DeleteAll"/>
  <system-out/>
  <testcase name="TestCase_019_UserListForSetting_CreateInternal" classname="TestScript.DeleteAll">
    <skipped/>
  </testcase> <!-- TestCase_019_UserListForSetting_CreateInternal -->
  <system-out/>
  <testcase name="TestCase_016_UserGroupPermission_Internal" classname="TestScript.DeleteAll">
    <skipped/>
  </testcase> <!-- TestCase_016_UserGroupPermission_Internal -->
  <system-out/>
  <testcase name="TestCase_017_UserGroupPermission_Merchant" classname="TestScript.DeleteAll">
    <skipped/>
  </testcase> <!-- TestCase_017_UserGroupPermission_Merchant -->
  <system-out/>
  <testcase name="TestCase_018_UserListForSetting_CreateMerchant" classname="TestScript.DeleteAll">
    <skipped/>
  </testcase> <!-- TestCase_018_UserListForSetting_CreateMerchant -->
  <system-out/>
  <testcase name="TestCase_033_DeleteSetting" classname="TestScript.DeleteAll">
    <skipped/>
  </testcase> <!-- TestCase_033_DeleteSetting -->
  <system-out/>
</testsuite> <!-- TestScript.DeleteAll -->
