<?xml version="1.0" encoding="UTF-8"?>
<!-- Generated by org.testng.reporters.JUnitReportReporter -->
<testsuite skipped="10" hostname="sphkrd05" name="TestScript.RegressionTest" tests="11" failures="0" timestamp="2020-07-27T15:52:09 CST" time="14.068" errors="0">
  <testcase name="TestCase_001_Click_Shop_menu" time="14.068" classname="TestScript.RegressionTest"/>
  <system-out/>
  <testcase name="TestCase_010_shop_DownloadPDF" classname="TestScript.RegressionTest">
    <skipped/>
  </testcase> <!-- TestCase_010_shop_DownloadPDF -->
  <system-out/>
  <testcase name="TestCase_008_PointSchemeUpdateShopList" classname="TestScript.RegressionTest">
    <skipped/>
  </testcase> <!-- TestCase_008_PointSchemeUpdateShopList -->
  <system-out/>
  <testcase name="TestCase_006_PointSchemeShopList" classname="TestScript.RegressionTest">
    <skipped/>
  </testcase> <!-- TestCase_006_PointSchemeShopList -->
  <system-out/>
  <testcase name="TestCase_006_Create_Shop_list" classname="TestScript.RegressionTest">
    <skipped/>
  </testcase> <!-- TestCase_006_Create_Shop_list -->
  <system-out/>
  <testcase name="TestCase_002_Shop_menu_DownloadPDF" classname="TestScript.RegressionTest">
    <skipped/>
  </testcase> <!-- TestCase_002_Shop_menu_DownloadPDF -->
  <system-out/>
  <testcase name="TestCase_004_Shop_menu_Verifym" classname="TestScript.RegressionTest">
    <skipped/>
  </testcase> <!-- TestCase_004_Shop_menu_Verifym -->
  <system-out/>
  <testcase name="TestCase_011_shop_DownloadExcel" classname="TestScript.RegressionTest">
    <skipped/>
  </testcase> <!-- TestCase_011_shop_DownloadExcel -->
  <system-out/>
  <testcase name="TestCase_009_shopAdvSearch" classname="TestScript.RegressionTest">
    <skipped/>
  </testcase> <!-- TestCase_009_shopAdvSearch -->
  <system-out/>
  <testcase name="TestCase_003_Shop_menu_DownloadExcel" classname="TestScript.RegressionTest">
    <skipped/>
  </testcase> <!-- TestCase_003_Shop_menu_DownloadExcel -->
  <system-out/>
  <testcase name="TestCase_005_Shop_menu_Verifys" classname="TestScript.RegressionTest">
    <skipped/>
  </testcase> <!-- TestCase_005_Shop_menu_Verifys -->
  <system-out/>
</testsuite> <!-- TestScript.RegressionTest -->
