<?xml version="1.0" encoding="UTF-8"?>
<!-- Generated by org.testng.reporters.JUnitReportReporter -->
<testsuite skipped="1" hostname="sphkrd05" name="TestScript.RegressionTest" tests="12" failures="0" timestamp="2020-07-27T16:14:31 CST" time="381.351" errors="0">
  <testcase name="TestCase_001_Click_Shop_menu" time="40.135" classname="TestScript.RegressionTest"/>
  <system-out/>
  <testcase name="TestCase_002_Shop_menu_DownloadPDF" time="9.660" classname="TestScript.RegressionTest"/>
  <system-out/>
  <testcase name="TestCase_003_Shop_menu_DownloadExcel" time="9.477" classname="TestScript.RegressionTest"/>
  <system-out/>
  <testcase name="TestCase_004_Shop_menu_Verifym" time="43.465" classname="TestScript.RegressionTest"/>
  <system-out/>
  <testcase name="TestCase_005_Shop_menu_Verifys" time="9.666" classname="TestScript.RegressionTest"/>
  <system-out/>
  <testcase name="TestCase_006_Create_Shop_list" time="91.853" classname="TestScript.RegressionTest"/>
  <system-out/>
  <testcase name="TestCase_006_Create_Shop_list" time="91.855" classname="TestScript.RegressionTest"/>
  <system-out/>
  <testcase name="TestCase_006_PointSchemeShopList" time="41.402" classname="TestScript.RegressionTest"/>
  <system-out/>
  <testcase name="TestCase_009_shopAdvSearch" time="30.305" classname="TestScript.RegressionTest"/>
  <system-out/>
  <testcase name="TestCase_010_shop_DownloadPDF" time="7.012" classname="TestScript.RegressionTest"/>
  <system-out/>
  <testcase name="TestCase_011_shop_DownloadExcel" time="6.521" classname="TestScript.RegressionTest"/>
  <system-out/>
  <testcase name="TestCase_008_PointSchemeUpdateShopList" classname="TestScript.RegressionTest">
    <skipped/>
  </testcase> <!-- TestCase_008_PointSchemeUpdateShopList -->
  <system-out/>
</testsuite> <!-- TestScript.RegressionTest -->
