<?xml version="1.0" encoding="UTF-8"?>
<!-- Generated by org.testng.reporters.JUnitReportReporter -->
<testsuite skipped="1" hostname="sphkrd05" name="TestScript.RegressionTestTwo" tests="5" failures="0" timestamp="2020-07-27T16:14:31 CST" time="60.366" errors="0">
  <testcase name="TestCase_012_Terminal" time="22.439" classname="TestScript.RegressionTestTwo"/>
  <system-out/>
  <testcase name="TestCase_013_TerminalSearch" time="24.333" classname="TestScript.RegressionTestTwo"/>
  <system-out/>
  <testcase name="TestCase_014_TerminalDownloadPDF" time="7.152" classname="TestScript.RegressionTestTwo"/>
  <system-out/>
  <testcase name="TestCase_015_TerminalDownloadExcel" time="6.442" classname="TestScript.RegressionTestTwo"/>
  <system-out/>
  <testcase name="TestCase_029_TerminalnotApollo" classname="TestScript.RegressionTestTwo">
    <skipped/>
  </testcase> <!-- TestCase_029_TerminalnotApollo -->
  <system-out/>
</testsuite> <!-- TestScript.RegressionTestTwo -->
