<?xml version="1.0" encoding="UTF-8"?>
<!-- Generated by org.testng.reporters.JUnitReportReporter -->
<testsuite skipped="0" hostname="sphkrd05" name="TestScript.RegressionTest" tests="19" failures="1" timestamp="2020-07-14T10:00:42 CST" time="695.536" errors="0">
  <testcase name="TestCase_001_Click_Shop_menu" time="39.909" classname="TestScript.RegressionTest"/>
  <system-out/>
  <testcase name="TestCase_002_Shop_menu" time="19.122" classname="TestScript.RegressionTest"/>
  <system-out/>
  <testcase name="TestCase_003_Create_Shop_list" time="91.737" classname="TestScript.RegressionTest"/>
  <system-out/>
  <testcase name="TestCase_003_Create_Shop_list" time="91.355" classname="TestScript.RegressionTest"/>
  <system-out/>
  <testcase name="TestCase_004_PointSchemeShopList" time="72.892" classname="TestScript.RegressionTest"/>
  <system-out/>
  <testcase name="TestCase_005_shopAdvSearch" time="30.129" classname="TestScript.RegressionTest"/>
  <system-out/>
  <testcase name="TestCase_006_shop_Download" time="13.544" classname="TestScript.RegressionTest"/>
  <system-out/>
  <testcase name="TestCase_007_Terminal" time="21.072" classname="TestScript.RegressionTest"/>
  <system-out/>
  <testcase name="TestCase_008_TerminalSearch" time="24.572" classname="TestScript.RegressionTest"/>
  <system-out/>
  <testcase name="TestCase_009_TerminalDownload" time="13.552" classname="TestScript.RegressionTest"/>
  <system-out/>
  <testcase name="TestCase_010_UserGroupPermission" time="42.750" classname="TestScript.RegressionTest"/>
  <system-out/>
  <testcase name="TestCase_011_UserListForSetting" time="61.169" classname="TestScript.RegressionTest"/>
  <system-out/>
  <testcase name="TestCase_012_Transactions" time="27.005" classname="TestScript.RegressionTest"/>
  <system-out/>
  <testcase name="TestCase_013_TransactionsDownload" time="6.591" classname="TestScript.RegressionTest"/>
  <system-out/>
  <testcase name="TestCase_014_MonthlyReport" time="30.858" classname="TestScript.RegressionTest">
    <failure type="java.lang.AssertionError" message="Failed to download Expected document expected [true] but found [false]">
      <![CDATA[java.lang.AssertionError: Failed to download Expected document expected [true] but found [false]
at org.testng.Assert.fail(Assert.java:97)
at org.testng.Assert.failNotEquals(Assert.java:969)
at org.testng.Assert.assertTrue(Assert.java:43)
at DashBoard.MonthlyReport.ReportDownloadExcel(MonthlyReport.java:95)
at TestScript.RegressionTest.TestCase_014_MonthlyReport(RegressionTest.java:170)
at sun.reflect.NativeMethodAccessorImpl.invoke0(Native Method)
at sun.reflect.NativeMethodAccessorImpl.invoke(NativeMethodAccessorImpl.java:62)
at sun.reflect.DelegatingMethodAccessorImpl.invoke(DelegatingMethodAccessorImpl.java:43)
at java.lang.reflect.Method.invoke(Method.java:498)
at org.testng.internal.MethodInvocationHelper.invokeMethod(MethodInvocationHelper.java:134)
at org.testng.internal.TestInvoker.invokeMethod(TestInvoker.java:597)
at org.testng.internal.TestInvoker.invokeTestMethod(TestInvoker.java:173)
at org.testng.internal.MethodRunner.runInSequence(MethodRunner.java:46)
at org.testng.internal.TestInvoker$MethodInvocationAgent.invoke(TestInvoker.java:816)
at org.testng.internal.TestInvoker.invokeTestMethods(TestInvoker.java:146)
at org.testng.internal.TestMethodWorker.invokeTestMethods(TestMethodWorker.java:146)
at org.testng.internal.TestMethodWorker.run(TestMethodWorker.java:128)
at java.util.ArrayList.forEach(ArrayList.java:1257)
at org.testng.TestRunner.privateRun(TestRunner.java:766)
at org.testng.TestRunner.run(TestRunner.java:587)
at org.testng.SuiteRunner.runTest(SuiteRunner.java:384)
at org.testng.SuiteRunner.runSequentially(SuiteRunner.java:378)
at org.testng.SuiteRunner.privateRun(SuiteRunner.java:337)
at org.testng.SuiteRunner.run(SuiteRunner.java:286)
at org.testng.SuiteRunnerWorker.runSuite(SuiteRunnerWorker.java:53)
at org.testng.SuiteRunnerWorker.run(SuiteRunnerWorker.java:96)
at org.testng.TestNG.runSuitesSequentially(TestNG.java:1187)
at org.testng.TestNG.runSuitesLocally(TestNG.java:1109)
at org.testng.TestNG.runSuites(TestNG.java:1039)
at org.testng.TestNG.run(TestNG.java:1007)
at org.apache.maven.surefire.testng.TestNGExecutor.run(TestNGExecutor.java:284)
at org.apache.maven.surefire.testng.TestNGXmlTestSuite.execute(TestNGXmlTestSuite.java:75)
at org.apache.maven.surefire.testng.TestNGProvider.invoke(TestNGProvider.java:119)
at org.apache.maven.surefire.booter.ForkedBooter.runSuitesInProcess(ForkedBooter.java:428)
at org.apache.maven.surefire.booter.ForkedBooter.execute(ForkedBooter.java:162)
at org.apache.maven.surefire.booter.ForkedBooter.run(ForkedBooter.java:562)
at org.apache.maven.surefire.booter.ForkedBooter.main(ForkedBooter.java:548)
]]>
    </failure>
  </testcase> <!-- TestCase_014_MonthlyReport -->
  <system-out/>
  <testcase name="TestCase_015_DailyReport" time="30.389" classname="TestScript.RegressionTest"/>
  <system-out/>
  <testcase name="TestCase_016_ShopGroupDelete" time="21.923" classname="TestScript.RegressionTest"/>
  <system-out/>
  <testcase name="TestCase_017_ShopListDelete" time="29.726" classname="TestScript.RegressionTest"/>
  <system-out/>
  <testcase name="TestCase_018_TerminalnotApollo" time="27.241" classname="TestScript.RegressionTest"/>
  <system-out/>
</testsuite> <!-- TestScript.RegressionTest -->
